Drill report for cm4-bare-minimum.kicad_pcb
Created on 2024-11-24T10:16:42+1100

Copper Layer Stackup:
    =============================================================
    L1 :  F.Cu                      front
    L2 :  B.Cu                      back


Drill file 'cm4-bare-minimum-PTH-drl.gbr' contains
    plated through holes:
    =============================================================
    T1  0.200mm  0.0079"  (218 holes)
    T2  0.300mm  0.0118"  (11 holes)
    T3  0.600mm  0.0236"  (4 holes)  (with 4 slots)
    T4  0.650mm  0.0256"  (2 holes)  (with 2 slots)
    T5  0.700mm  0.0276"  (2 holes)  (with 2 slots)
    T6  0.900mm  0.0354"  (14 holes)
    T7  1.000mm  0.0394"  (10 holes)
    T8  1.020mm  0.0402"  (8 holes)
    T9  1.700mm  0.0669"  (2 holes)

    Total plated holes count 271


Drill file 'cm4-bare-minimum-NPTH-drl.gbr' contains
    unplated through holes:
    =============================================================
    T1  0.650mm  0.0256"  (2 holes)
    T2  1.100mm  0.0433"  (1 hole)
    T3  2.700mm  0.1063"  (4 holes)
    T4  3.200mm  0.1260"  (2 holes)

    Total unplated holes count 9
